{
  "RSpec": {
    "coverage": {
      "/Users/lcpulzone/turing/2module/independent_challenge/final/holy-waterfall-3782/spec/models/airline_spec.rb": {
        "lines": [
          1,
          null,
          1,
          1,
          2,
          2,
          null,
          null,
          1,
          4,
          4,
          null,
          4,
          4,
          4,
          null,
          4,
          4,
          4,
          null,
          4,
          4,
          null,
          1,
          1,
          1,
          null,
          null,
          null,
          1,
          1,
          null,
          null,
          null
        ]
      },
      "/Users/lcpulzone/turing/2module/independent_challenge/final/holy-waterfall-3782/app/models/airline.rb": {
        "lines": [
          1,
          1,
          1,
          null,
          1,
          1,
          null,
          null,
          1,
          1,
          null,
          null
        ]
      },
      "/Users/lcpulzone/turing/2module/independent_challenge/final/holy-waterfall-3782/app/models/application_record.rb": {
        "lines": [
          1,
          1,
          null
        ]
      },
      "/Users/lcpulzone/turing/2module/independent_challenge/final/holy-waterfall-3782/app/models/flight.rb": {
        "lines": [
          1,
          1,
          1,
          1,
          null
        ]
      },
      "/Users/lcpulzone/turing/2module/independent_challenge/final/holy-waterfall-3782/app/models/trip.rb": {
        "lines": [
          1,
          1,
          1,
          null,
          1,
          null,
          null,
          null
        ]
      },
      "/Users/lcpulzone/turing/2module/independent_challenge/final/holy-waterfall-3782/app/models/passenger.rb": {
        "lines": [
          1,
          1,
          1,
          null
        ]
      }
    },
    "timestamp": 1623430326
  }
}
